c:\users\cas\documents\visual studio 2015\projects\openframeworks\apps\visualonsound\visualonsound\obj\debug\ofxbox2d.obj
c:\users\cas\documents\visual studio 2015\projects\openframeworks\apps\visualonsound\visualonsound\obj\debug\b2blockallocator.obj
c:\users\cas\documents\visual studio 2015\projects\openframeworks\apps\visualonsound\visualonsound\obj\debug\b2stackallocator.obj
c:\users\cas\documents\visual studio 2015\projects\openframeworks\apps\visualonsound\visualonsound\obj\debug\b2island.obj
c:\users\cas\documents\visual studio 2015\projects\openframeworks\apps\visualonsound\visualonsound\obj\debug\b2contact.obj
c:\users\cas\documents\visual studio 2015\projects\openframeworks\apps\visualonsound\visualonsound\obj\debug\b2frictionjoint.obj
c:\users\cas\documents\visual studio 2015\projects\openframeworks\apps\visualonsound\visualonsound\obj\debug\b2pulleyjoint.obj
c:\users\cas\documents\visual studio 2015\projects\openframeworks\apps\visualonsound\visualonsound\obj\debug\del_impl.obj
c:\users\cas\documents\visual studio 2015\projects\openframeworks\apps\visualonsound\visualonsound\obj\debug\ofxbox2dedge.obj
c:\users\cas\documents\visual studio 2015\projects\openframeworks\apps\visualonsound\visualonsound\obj\debug\b2distance.obj
c:\users\cas\documents\visual studio 2015\projects\openframeworks\apps\visualonsound\visualonsound\obj\debug\b2polygonshape.obj
c:\users\cas\documents\visual studio 2015\projects\openframeworks\apps\visualonsound\visualonsound\obj\debug\b2body.obj
c:\users\cas\documents\visual studio 2015\projects\openframeworks\apps\visualonsound\visualonsound\obj\debug\b2chainandcirclecontact.obj
c:\users\cas\documents\visual studio 2015\projects\openframeworks\apps\visualonsound\visualonsound\obj\debug\b2edgeandpolygoncontact.obj
c:\users\cas\documents\visual studio 2015\projects\openframeworks\apps\visualonsound\visualonsound\obj\debug\b2joint.obj
c:\users\cas\documents\visual studio 2015\projects\openframeworks\apps\visualonsound\visualonsound\obj\debug\b2weldjoint.obj
c:\users\cas\documents\visual studio 2015\projects\openframeworks\apps\visualonsound\visualonsound\obj\debug\ofxbox2djoint.obj
c:\users\cas\documents\visual studio 2015\projects\openframeworks\apps\visualonsound\visualonsound\obj\debug\b2collideedge.obj
c:\users\cas\documents\visual studio 2015\projects\openframeworks\apps\visualonsound\visualonsound\obj\debug\b2collision.obj
c:\users\cas\documents\visual studio 2015\projects\openframeworks\apps\visualonsound\visualonsound\obj\debug\b2circleshape.obj
c:\users\cas\documents\visual studio 2015\projects\openframeworks\apps\visualonsound\visualonsound\obj\debug\b2settings.obj
c:\users\cas\documents\visual studio 2015\projects\openframeworks\apps\visualonsound\visualonsound\obj\debug\b2contactmanager.obj
c:\users\cas\documents\visual studio 2015\projects\openframeworks\apps\visualonsound\visualonsound\obj\debug\b2chainandpolygoncontact.obj
c:\users\cas\documents\visual studio 2015\projects\openframeworks\apps\visualonsound\visualonsound\obj\debug\b2polygonandcirclecontact.obj
c:\users\cas\documents\visual studio 2015\projects\openframeworks\apps\visualonsound\visualonsound\obj\debug\b2motorjoint.obj
c:\users\cas\documents\visual studio 2015\projects\openframeworks\apps\visualonsound\visualonsound\obj\debug\b2ropejoint.obj
c:\users\cas\documents\visual studio 2015\projects\openframeworks\apps\visualonsound\visualonsound\obj\debug\main.obj
c:\users\cas\documents\visual studio 2015\projects\openframeworks\apps\visualonsound\visualonsound\obj\debug\ofxbox2dpolygon.obj
c:\users\cas\documents\visual studio 2015\projects\openframeworks\apps\visualonsound\visualonsound\obj\debug\ofxbox2dcircle.obj
c:\users\cas\documents\visual studio 2015\projects\openframeworks\apps\visualonsound\visualonsound\obj\debug\b2collidecircle.obj
c:\users\cas\documents\visual studio 2015\projects\openframeworks\apps\visualonsound\visualonsound\obj\debug\b2collidepolygon.obj
c:\users\cas\documents\visual studio 2015\projects\openframeworks\apps\visualonsound\visualonsound\obj\debug\b2timeofimpact.obj
c:\users\cas\documents\visual studio 2015\projects\openframeworks\apps\visualonsound\visualonsound\obj\debug\b2math.obj
c:\users\cas\documents\visual studio 2015\projects\openframeworks\apps\visualonsound\visualonsound\obj\debug\b2fixture.obj
c:\users\cas\documents\visual studio 2015\projects\openframeworks\apps\visualonsound\visualonsound\obj\debug\b2circlecontact.obj
c:\users\cas\documents\visual studio 2015\projects\openframeworks\apps\visualonsound\visualonsound\obj\debug\b2polygoncontact.obj
c:\users\cas\documents\visual studio 2015\projects\openframeworks\apps\visualonsound\visualonsound\obj\debug\b2prismaticjoint.obj
c:\users\cas\documents\visual studio 2015\projects\openframeworks\apps\visualonsound\visualonsound\obj\debug\b2rope.obj
c:\users\cas\documents\visual studio 2015\projects\openframeworks\apps\visualonsound\visualonsound\obj\debug\ofxbox2dconvexpoly.obj
c:\users\cas\documents\visual studio 2015\projects\openframeworks\apps\visualonsound\visualonsound\obj\debug\b2chainshape.obj
c:\users\cas\documents\visual studio 2015\projects\openframeworks\apps\visualonsound\visualonsound\obj\debug\b2draw.obj
c:\users\cas\documents\visual studio 2015\projects\openframeworks\apps\visualonsound\visualonsound\obj\debug\b2world.obj
c:\users\cas\documents\visual studio 2015\projects\openframeworks\apps\visualonsound\visualonsound\obj\debug\b2contactsolver.obj
c:\users\cas\documents\visual studio 2015\projects\openframeworks\apps\visualonsound\visualonsound\obj\debug\b2distancejoint.obj
c:\users\cas\documents\visual studio 2015\projects\openframeworks\apps\visualonsound\visualonsound\obj\debug\b2mousejoint.obj
c:\users\cas\documents\visual studio 2015\projects\openframeworks\apps\visualonsound\visualonsound\obj\debug\b2wheeljoint.obj
c:\users\cas\documents\visual studio 2015\projects\openframeworks\apps\visualonsound\visualonsound\obj\debug\ofapp.obj
c:\users\cas\documents\visual studio 2015\projects\openframeworks\apps\visualonsound\visualonsound\obj\debug\ofxbox2drect.obj
c:\users\cas\documents\visual studio 2015\projects\openframeworks\apps\visualonsound\visualonsound\obj\debug\ofxbox2dbaseshape.obj
c:\users\cas\documents\visual studio 2015\projects\openframeworks\apps\visualonsound\visualonsound\obj\debug\b2broadphase.obj
c:\users\cas\documents\visual studio 2015\projects\openframeworks\apps\visualonsound\visualonsound\obj\debug\b2dynamictree.obj
c:\users\cas\documents\visual studio 2015\projects\openframeworks\apps\visualonsound\visualonsound\obj\debug\b2edgeshape.obj
c:\users\cas\documents\visual studio 2015\projects\openframeworks\apps\visualonsound\visualonsound\obj\debug\b2timer.obj
c:\users\cas\documents\visual studio 2015\projects\openframeworks\apps\visualonsound\visualonsound\obj\debug\b2worldcallbacks.obj
c:\users\cas\documents\visual studio 2015\projects\openframeworks\apps\visualonsound\visualonsound\obj\debug\b2edgeandcirclecontact.obj
c:\users\cas\documents\visual studio 2015\projects\openframeworks\apps\visualonsound\visualonsound\obj\debug\b2gearjoint.obj
c:\users\cas\documents\visual studio 2015\projects\openframeworks\apps\visualonsound\visualonsound\obj\debug\b2revolutejoint.obj
c:\users\cas\documents\visual studio 2015\projects\openframeworks\apps\visualonsound\visualonsound\obj\debug\vc140.pdb
c:\users\cas\documents\visual studio 2015\projects\openframeworks\apps\visualonsound\visualonsound\obj\debug\icon.res
c:\users\cas\documents\visual studio 2015\projects\openframeworks\apps\visualonsound\visualonsound\obj\debug\visualonsound.vcxprojresolveassemblyreference.cache
c:\users\cas\documents\visual studio 2015\projects\openframeworks\apps\visualonsound\visualonsound\obj\debug\visualonsound.tlog\cl.command.1.tlog
c:\users\cas\documents\visual studio 2015\projects\openframeworks\apps\visualonsound\visualonsound\obj\debug\visualonsound.tlog\cl.read.1.tlog
c:\users\cas\documents\visual studio 2015\projects\openframeworks\apps\visualonsound\visualonsound\obj\debug\visualonsound.tlog\cl.write.1.tlog
c:\users\cas\documents\visual studio 2015\projects\openframeworks\apps\visualonsound\visualonsound\obj\debug\visualonsound.tlog\link-cvtres.read.1.tlog
c:\users\cas\documents\visual studio 2015\projects\openframeworks\apps\visualonsound\visualonsound\obj\debug\visualonsound.tlog\link-cvtres.write.1.tlog
c:\users\cas\documents\visual studio 2015\projects\openframeworks\apps\visualonsound\visualonsound\obj\debug\visualonsound.tlog\link-rc.read.1.tlog
c:\users\cas\documents\visual studio 2015\projects\openframeworks\apps\visualonsound\visualonsound\obj\debug\visualonsound.tlog\link-rc.write.1.tlog
c:\users\cas\documents\visual studio 2015\projects\openframeworks\apps\visualonsound\visualonsound\obj\debug\visualonsound.tlog\link.command.1.tlog
c:\users\cas\documents\visual studio 2015\projects\openframeworks\apps\visualonsound\visualonsound\obj\debug\visualonsound.tlog\link.read.1.tlog
c:\users\cas\documents\visual studio 2015\projects\openframeworks\apps\visualonsound\visualonsound\obj\debug\visualonsound.tlog\link.write.1.tlog
c:\users\cas\documents\visual studio 2015\projects\openframeworks\apps\visualonsound\visualonsound\obj\debug\visualonsound.tlog\rc.command.1.tlog
c:\users\cas\documents\visual studio 2015\projects\openframeworks\apps\visualonsound\visualonsound\obj\debug\visualonsound.tlog\rc.read.1.tlog
c:\users\cas\documents\visual studio 2015\projects\openframeworks\apps\visualonsound\visualonsound\obj\debug\visualonsound.tlog\rc.write.1.tlog
